==78641== Memcheck, a memory error detector
==78641== Copyright (C) 2002-2022, and GNU GPL'd, by Julian Seward et al.
==78641== Using Valgrind-3.22.0 and LibVEX; rerun with -h for copyright info
==78641== Command: build/launcher
==78641== Parent PID: 78639
==78641== 
==78641== 
==78641== Process terminating with default action of signal 15 (SIGTERM)
==78641==    at 0x578428D: syscall (syscall.S:38)
==78641==    by 0x559152C: g_cond_wait (in /usr/lib/x86_64-linux-gnu/libglib-2.0.so.0.8000.0)
==78641==    by 0x550258A: ??? (in /usr/lib/x86_64-linux-gnu/libglib-2.0.so.0.8000.0)
==78641==    by 0x5567C42: ??? (in /usr/lib/x86_64-linux-gnu/libglib-2.0.so.0.8000.0)
==78641==    by 0x5566E61: ??? (in /usr/lib/x86_64-linux-gnu/libglib-2.0.so.0.8000.0)
==78641==    by 0x56F9AA3: start_thread (pthread_create.c:447)
==78641==    by 0x5786A63: clone (clone.S:100)
==78641== 
==78641== HEAP SUMMARY:
==78641==     in use at exit: 183,195 bytes in 2,203 blocks
==78641==   total heap usage: 3,972 allocs, 1,769 frees, 278,824 bytes allocated
==78641== 
==78641== LEAK SUMMARY:
==78641==    definitely lost: 0 bytes in 0 blocks
==78641==    indirectly lost: 0 bytes in 0 blocks
==78641==      possibly lost: 1,008 bytes in 3 blocks
==78641==    still reachable: 162,859 bytes in 2,013 blocks
==78641==         suppressed: 0 bytes in 0 blocks
==78641== Reachable blocks (those to which a pointer was found) are not shown.
==78641== To see them, rerun with: --leak-check=full --show-leak-kinds=all
==78641== 
==78641== For lists of detected and suppressed errors, rerun with: -s
==78641== ERROR SUMMARY: 3 errors from 3 contexts (suppressed: 0 from 0)
