==20614== Memcheck, a memory error detector
==20614== Copyright (C) 2002-2022, and GNU GPL'd, by Julian Seward et al.
==20614== Using Valgrind-3.22.0 and LibVEX; rerun with -h for copyright info
==20614== Command: ./desktop
==20614== Parent PID: 20611
==20614== 
==20614== 
==20614== Process terminating with default action of signal 15 (SIGTERM)
==20614==    at 0x5B5128D: syscall (syscall.S:38)
==20614==    by 0x559252C: g_cond_wait (in /usr/lib/x86_64-linux-gnu/libglib-2.0.so.0.8000.0)
==20614==    by 0x550358A: ??? (in /usr/lib/x86_64-linux-gnu/libglib-2.0.so.0.8000.0)
==20614==    by 0x5568C42: ??? (in /usr/lib/x86_64-linux-gnu/libglib-2.0.so.0.8000.0)
==20614==    by 0x5567E61: ??? (in /usr/lib/x86_64-linux-gnu/libglib-2.0.so.0.8000.0)
==20614==    by 0x5AC6AA3: start_thread (pthread_create.c:447)
==20614==    by 0x5B53A63: clone (clone.S:100)
==20614== 
==20614== HEAP SUMMARY:
==20614==     in use at exit: 2,910,759 bytes in 28,076 blocks
==20614==   total heap usage: 192,299 allocs, 164,223 frees, 23,022,550 bytes allocated
==20614== 
==20614== LEAK SUMMARY:
==20614==    definitely lost: 0 bytes in 0 blocks
==20614==    indirectly lost: 0 bytes in 0 blocks
==20614==      possibly lost: 8,208 bytes in 9 blocks
==20614==    still reachable: 2,826,943 bytes in 27,379 blocks
==20614==         suppressed: 0 bytes in 0 blocks
==20614== Reachable blocks (those to which a pointer was found) are not shown.
==20614== To see them, rerun with: --leak-check=full --show-leak-kinds=all
==20614== 
==20614== For lists of detected and suppressed errors, rerun with: -s
==20614== ERROR SUMMARY: 8 errors from 8 contexts (suppressed: 0 from 0)
